<?xml version="1.0" encoding="UTF-8"?>
<testsuite xmlns:xsi="http://www.w3.org/2001/XMLSchema-instance" xsi:noNamespaceSchemaLocation="https://maven.apache.org/surefire/maven-surefire-plugin/xsd/surefire-test-report-3.0.xsd" version="3.0" name="org.example.JavabankApplicationTests" time="16.153" tests="1" errors="0" skipped="0" failures="0">
  <properties>
[...]
</properties>
  <testcase name="contextLoads" classname="org.example.JavabankApplicationTests" time="2.312">
    <system-out><![CDATA[16:58:41.203 [main] INFO org.springframework.test.context.support.AnnotationConfigContextLoaderUtils -- Could not detect default configuration classes for test class [org.example.JavabankApplicationTests]: JavabankApplicationTests does not declare any static, non-private, non-final, nested classes annotated with @Configuration.
16:58:41.823 [main] INFO org.springframework.boot.test.context.SpringBootTestContextBootstrapper -- Found @SpringBootConfiguration org.example.BankApp for test class org.example.JavabankApplicationTests
16:58:42.310 [main] INFO org.springframework.boot.devtools.restart.RestartApplicationListener -- Restart disabled due to context in which it is running

  .   ____          _            __ _ _
 /\\ / ___'_ __ _ _(_)_ __  __ _ \ \ \ \
( ( )\___ | '_ | '_| | '_ \/ _` | \ \ \ \
 \\/  ___)| |_)| | | | | || (_| |  ) ) ) )
  '  |____| .__|_| |_|_| |_\__, | / / / /
 =========|_|==============|___/=/_/_/_/
 :: Spring Boot ::                (v3.2.4)

2024-05-26T16:58:43.246-03:00  INFO 4328 --- [Javabank] [           main] org.example.JavabankApplicationTests     : Starting JavabankApplicationTests using Java 17.0.11 with PID 4328 (started by Pri in C:\Users\Pri\Desktop\backend_javabank\BackEnd)
2024-05-26T16:58:43.249-03:00  INFO 4328 --- [Javabank] [           main] org.example.JavabankApplicationTests     : No active profile set, falling back to 1 default profile: "default"
2024-05-26T16:58:46.729-03:00  INFO 4328 --- [Javabank] [           main] .s.d.r.c.RepositoryConfigurationDelegate : Bootstrapping Spring Data JPA repositories in DEFAULT mode.
2024-05-26T16:58:46.824-03:00  INFO 4328 --- [Javabank] [           main] .s.d.r.c.RepositoryConfigurationDelegate : Finished Spring Data repository scanning in 74 ms. Found 0 JPA repository interfaces.
2024-05-26T16:58:49.282-03:00  INFO 4328 --- [Javabank] [           main] com.zaxxer.hikari.HikariDataSource       : HikariPool-1 - Starting...
2024-05-26T16:58:49.826-03:00  INFO 4328 --- [Javabank] [           main] com.zaxxer.hikari.pool.HikariPool        : HikariPool-1 - Added connection conn0: url=jdbc:h2:mem:4b60c44e-dc98-4d7d-adba-ec4b015d6644 user=SA
2024-05-26T16:58:49.829-03:00  INFO 4328 --- [Javabank] [           main] com.zaxxer.hikari.HikariDataSource       : HikariPool-1 - Start completed.
2024-05-26T16:58:50.022-03:00  INFO 4328 --- [Javabank] [           main] o.hibernate.jpa.internal.util.LogHelper  : HHH000204: Processing PersistenceUnitInfo [name: default]
2024-05-26T16:58:50.237-03:00  INFO 4328 --- [Javabank] [           main] org.hibernate.Version                    : HHH000412: Hibernate ORM core version 6.4.4.Final
2024-05-26T16:58:50.376-03:00  INFO 4328 --- [Javabank] [           main] o.h.c.internal.RegionFactoryInitiator    : HHH000026: Second-level cache disabled
2024-05-26T16:58:51.115-03:00  INFO 4328 --- [Javabank] [           main] o.s.o.j.p.SpringPersistenceUnitInfo      : No LoadTimeWeaver setup: ignoring JPA class transformer
2024-05-26T16:58:52.096-03:00  INFO 4328 --- [Javabank] [           main] o.h.e.t.j.p.i.JtaPlatformInitiator       : HHH000489: No JTA platform available (set 'hibernate.transaction.jta.platform' to enable JTA platform integration)
2024-05-26T16:58:52.110-03:00  INFO 4328 --- [Javabank] [           main] j.LocalContainerEntityManagerFactoryBean : Initialized JPA EntityManagerFactory for persistence unit 'default'
2024-05-26T16:58:52.472-03:00  WARN 4328 --- [Javabank] [           main] JpaBaseConfiguration$JpaWebConfiguration : spring.jpa.open-in-view is enabled by default. Therefore, database queries may be performed during view rendering. Explicitly configure spring.jpa.open-in-view to disable this warning
2024-05-26T16:58:52.671-03:00  WARN 4328 --- [Javabank] [           main] s.w.s.m.m.a.RequestMappingHandlerMapping : Multiple @RequestMapping annotations found on public void org.example.controllers.ContaCorrenteController.transferencia(org.example.entities.Transferencia) throws java.lang.InterruptedException,java.util.concurrent.ExecutionException, but only the first will be used: [@org.springframework.web.bind.annotation.RequestMapping(consumes={}, headers={}, method={}, name="", params={}, path={"/transferir"}, produces={}, value={"/transferir"}), @org.springframework.web.bind.annotation.PutMapping(consumes={}, headers={}, name="", params={}, path={}, produces={}, value={})]
2024-05-26T16:58:52.698-03:00  WARN 4328 --- [Javabank] [           main] s.w.s.m.m.a.RequestMappingHandlerMapping : Multiple @RequestMapping annotations found on public org.example.firebase.Customer org.example.controllers.ContaCorrenteController.depositoContaCorrente(org.example.firebase.Customer) throws java.lang.InterruptedException,java.util.concurrent.ExecutionException, but only the first will be used: [@org.springframework.web.bind.annotation.RequestMapping(consumes={}, headers={}, method={}, name="", params={}, path={"/depositar"}, produces={}, value={"/depositar"}), @org.springframework.web.bind.annotation.PutMapping(consumes={}, headers={}, name="", params={}, path={}, produces={}, value={})]
2024-05-26T16:58:52.717-03:00  WARN 4328 --- [Javabank] [           main] s.w.s.m.m.a.RequestMappingHandlerMapping : Multiple @RequestMapping annotations found on public org.example.firebase.CustomerCreateResponse org.example.firebase.CustomerController.createCustomer(org.example.firebase.Customer) throws java.lang.InterruptedException,java.util.concurrent.ExecutionException, but only the first will be used: [@org.springframework.web.bind.annotation.RequestMapping(consumes={}, headers={}, method={}, name="", params={}, path={"/"}, produces={}, value={"/"}), @org.springframework.web.bind.annotation.PostMapping(consumes={}, headers={}, name="", params={}, path={}, produces={}, value={})]
2024-05-26T16:58:52.733-03:00  WARN 4328 --- [Javabank] [           main] s.w.s.m.m.a.RequestMappingHandlerMapping : Multiple @RequestMapping annotations found on public org.example.firebase.SessionCreateResponse org.example.firebase.SessionController.createSession(org.example.firebase.Session) throws java.lang.InterruptedException,java.util.concurrent.ExecutionException, but only the first will be used: [@org.springframework.web.bind.annotation.RequestMapping(consumes={}, headers={}, method={}, name="", params={}, path={"/"}, produces={}, value={"/"}), @org.springframework.web.bind.annotation.PostMapping(consumes={}, headers={}, name="", params={}, path={}, produces={}, value={})]
2024-05-26T16:58:54.225-03:00  WARN 4328 --- [Javabank] [           main] ion$DefaultTemplateResolverConfiguration : Cannot find template location: classpath:/templates/ (please add some templates, check your Thymeleaf configuration, or set spring.thymeleaf.check-template-location=false)
2024-05-26T16:58:54.406-03:00  INFO 4328 --- [Javabank] [           main] org.example.JavabankApplicationTests     : Started JavabankApplicationTests in 12.134 seconds (process running for 15.934)
]]></system-out>
  </testcase>
</testsuite>